<?xml version="1.0" encoding="UTF-8"?>
<!-- Generated by org.testng.reporters.JUnitReportReporter -->
<testsuite hostname="tech-trail-HP-ProBook-640-G2" failures="0" tests="1" name="App.TC_04_Transaction_Statement" time="94.676" errors="0" timestamp="2023-06-09T05:34:36 IST" skipped="0">
  <testcase classname="App.TC_04_Transaction_Statement" name="setup" time="94.676"/>
  <system-out/>
</testsuite> <!-- App.TC_04_Transaction_Statement -->
